<html>
<body>
<pre>
<h1>µVision Build Log</h1>
<h2>Tool Versions:</h2>
IDE-Version: ¦ÌVision V5.36.0.0
Copyright (C) 2021 ARM Ltd and ARM Germany GmbH. All rights reserved.
License Information: asdasd CMLY, asd, LIC=03C6R-K4CCJ-X7HRZ-J2EA1-0FQ8Q-PFI0R
 
Tool Versions:
Toolchain:       MDK-ARM Plus  Version: 5.36.0.0
Toolchain Path:  D:\KEIL\ARM\KEILV5\ARM\ARMCC\Bin
C Compiler:      Armcc.exe V5.06 update 7 (build 960)
Assembler:       Armasm.exe V5.06 update 7 (build 960)
Linker/Locator:  ArmLink.exe V5.06 update 7 (build 960)
Library Manager: ArmAr.exe V5.06 update 7 (build 960)
Hex Converter:   FromElf.exe V5.06 update 7 (build 960)
CPU DLL:         SARMCM3.DLL V5.36.0.0
Dialog DLL:      DCM.DLL V1.17.3.0
Target DLL:      STLink\ST-LINKIII-KEIL_SWO.dll V3.0.9.0
Dialog DLL:      TCM.DLL V1.53.0.0
 
<h2>Project:</h2>
D:\ALL_project\32project_F4\kalman_test\p\MDK-ARM\p.uvprojx
Project File Date:  06/17/2023

<h2>Output:</h2>
*** Using Compiler 'V5.06 update 7 (build 960)', folder: 'D:\KEIL\ARM\KEILV5\ARM\ARMCC\Bin'
Rebuild target 'p'
assembling startup_stm32f407xx.s...
compiling gpio.c...
compiling stm32f4xx_it.c...
compiling stm32f4xx_hal_msp.c...
compiling stm32f4xx_hal_rcc_ex.c...
compiling stm32f4xx_hal_flash.c...
compiling freertos.c...
../Core/Src/freertos.c(29): error:  #8: missing closing quote
  "
../Core/Src/freertos.c(29): error:  #169: expected a declaration
  "
../Core/Src/freertos.c(51): warning:  #12-D: parsing restarts here after previous syntax error
  osThreadId defaultTaskHandle;
../Core/Src/freertos.c(109): error:  #20: identifier "defaultTaskHandle" is undefined
    defaultTaskHandle = osThreadCreate(osThread(defaultTask), NULL);
../Core/Src/freertos.c: 1 warning, 3 errors
compiling usart.c...
compiling tim.c...
compiling stm32f4xx_hal_timebase_tim.c...
compiling main.c...
compiling stm32f4xx_hal_rcc.c...
compiling stm32f4xx_hal_flash_ex.c...
compiling stm32f4xx_hal_flash_ramfunc.c...
compiling stm32f4xx_hal_tim_ex.c...
compiling stm32f4xx_hal_dma.c...
compiling croutine.c...
compiling event_groups.c...
compiling stm32f4xx_hal_dma_ex.c...
compiling list.c...
compiling stream_buffer.c...
compiling queue.c...
compiling stm32f4xx_hal_cortex.c...
compiling tasks.c...
compiling timers.c...
compiling stm32f4xx_hal.c...
compiling heap_4.c...
compiling kalman.c...
compiling cmsis_os.c...
compiling stm32f4xx_hal_gpio.c...
compiling port.c...
compiling KalmanFilter.c...
compiling arm_mat_add_f32.c...
compiling arm_mat_add_q15.c...
compiling arm_mat_add_q31.c...
compiling arm_mat_cmplx_mult_f32.c...
compiling stm32f4xx_hal_exti.c...
compiling arm_mat_cmplx_mult_q15.c...
compiling arm_mat_cmplx_mult_q31.c...
compiling arm_mat_init_f32.c...
compiling arm_mat_init_q15.c...
compiling arm_mat_init_q31.c...
compiling arm_mat_inverse_f32.c...
compiling arm_mat_inverse_f64.c...
compiling arm_mat_mult_f32.c...
compiling arm_mat_mult_fast_q15.c...
compiling arm_mat_mult_fast_q31.c...
compiling stm32f4xx_hal_pwr_ex.c...
compiling stm32f4xx_hal_pwr.c...
compiling arm_mat_mult_q15.c...
compiling arm_mat_mult_q31.c...
compiling arm_mat_scale_f32.c...
compiling arm_mat_scale_q15.c...
compiling arm_mat_sub_q15.c...
compiling arm_mat_sub_f32.c...
compiling arm_mat_sub_q31.c...
compiling arm_mat_scale_q31.c...
compiling arm_mat_trans_f32.c...
compiling arm_mat_trans_q15.c...
compiling arm_mat_trans_q31.c...
compiling stm32f4xx_hal_uart.c...
compiling system_stm32f4xx.c...
compiling kalman_filter.c...
compiling stm32f4xx_hal_tim.c...
"p\p.axf" - 3 Error(s), 1 Warning(s).

<h2>Software Packages used:</h2>

Package Vendor: ARM
                http://www.keil.com/pack/ARM.CMSIS.5.8.0.pack
                ARM.CMSIS.5.8.0
                CMSIS (Common Microcontroller Software Interface Standard)
   * Component: CORE Version: 5.5.0

Package Vendor: Keil
                http://www.keil.com/pack/Keil.STM32F4xx_DFP.2.10.0.pack
                Keil.STM32F4xx_DFP.2.10.0
                STMicroelectronics STM32F4 Series Device Support, Drivers and Examples

<h2>Collection of Component include folders:</h2>
  .\RTE\_p
  D:\KEIL\ARM\PACK\ARM\CMSIS\5.8.0\CMSIS\Core\Include
  D:\KEIL\ARM\PACK\Keil\STM32F4xx_DFP\2.10.0\Drivers\CMSIS\Device\ST\STM32F4xx\Include

<h2>Collection of Component Files used:</h2>

   * Component: ARM::CMSIS:CORE:5.5.0
      Include file:  CMSIS\Core\Include\tz_context.h
Target not created.
Build Time Elapsed:  00:00:23
</pre>
</body>
</html>
